<?xml version="1.0" encoding="UTF-8"?>
<testsuite xmlns:xsi="http://www.w3.org/2001/XMLSchema-instance" xsi:noNamespaceSchemaLocation="https://maven.apache.org/surefire/maven-surefire-plugin/xsd/surefire-test-report-3.0.xsd" version="3.0" name="com.graphql.learning.ApplicationTests" time="7.06" tests="1" errors="0" skipped="0" failures="0">
  <properties>
[...]
</properties>
  <testcase name="contextLoads" classname="com.graphql.learning.ApplicationTests" time="0.609">
    <system-out><![CDATA[18:25:20.632 [main] INFO org.springframework.test.context.support.AnnotationConfigContextLoaderUtils -- Could not detect default configuration classes for test class [com.graphql.learning.ApplicationTests]: ApplicationTests does not declare any static, non-private, non-final, nested classes annotated with @Configuration.
18:25:20.838 [main] INFO org.springframework.boot.test.context.SpringBootTestContextBootstrapper -- Found @SpringBootConfiguration com.graphql.learning.GraphqlApplication for test class com.graphql.learning.ApplicationTests

  .   ____          _            __ _ _
 /\\ / ___'_ __ _ _(_)_ __  __ _ \ \ \ \
( ( )\___ | '_ | '_| | '_ \/ _` | \ \ \ \
 \\/  ___)| |_)| | | | | || (_| |  ) ) ) )
  '  |____| .__|_| |_|_| |_\__, | / / / /
 =========|_|==============|___/=/_/_/_/

 :: Spring Boot ::                (v3.3.4)

2025-10-24T18:25:21.448+05:30  INFO 174784 --- [graphql.learning.demo] [           main] com.graphql.learning.ApplicationTests    : Starting ApplicationTests using Java 17.0.16 with PID 174784 (started by nashtech in /home/nashtech/Desktop/graphql-learning-objective/training-module-1-with-spring)
2025-10-24T18:25:21.452+05:30  INFO 174784 --- [graphql.learning.demo] [           main] com.graphql.learning.ApplicationTests    : No active profile set, falling back to 1 default profile: "default"
2025-10-24T18:25:22.273+05:30  INFO 174784 --- [graphql.learning.demo] [           main] .s.d.r.c.RepositoryConfigurationDelegate : Bootstrapping Spring Data JPA repositories in DEFAULT mode.
2025-10-24T18:25:22.468+05:30  INFO 174784 --- [graphql.learning.demo] [           main] .s.d.r.c.RepositoryConfigurationDelegate : Finished Spring Data repository scanning in 183 ms. Found 2 JPA repository interfaces.
2025-10-24T18:25:23.045+05:30  INFO 174784 --- [graphql.learning.demo] [           main] com.zaxxer.hikari.HikariDataSource       : HikariPool-1 - Starting...
2025-10-24T18:25:23.240+05:30  INFO 174784 --- [graphql.learning.demo] [           main] com.zaxxer.hikari.pool.HikariPool        : HikariPool-1 - Added connection conn0: url=jdbc:h2:mem:0920c4dc-26a0-42d4-9627-c2722e9f0957 user=SA
2025-10-24T18:25:23.242+05:30  INFO 174784 --- [graphql.learning.demo] [           main] com.zaxxer.hikari.HikariDataSource       : HikariPool-1 - Start completed.
2025-10-24T18:25:23.304+05:30  INFO 174784 --- [graphql.learning.demo] [           main] o.hibernate.jpa.internal.util.LogHelper  : HHH000204: Processing PersistenceUnitInfo [name: default]
2025-10-24T18:25:23.458+05:30  INFO 174784 --- [graphql.learning.demo] [           main] org.hibernate.Version                    : HHH000412: Hibernate ORM core version 6.5.3.Final
2025-10-24T18:25:23.545+05:30  INFO 174784 --- [graphql.learning.demo] [           main] o.h.c.internal.RegionFactoryInitiator    : HHH000026: Second-level cache disabled
2025-10-24T18:25:23.969+05:30  INFO 174784 --- [graphql.learning.demo] [           main] o.s.o.j.p.SpringPersistenceUnitInfo      : No LoadTimeWeaver setup: ignoring JPA class transformer
2025-10-24T18:25:24.960+05:30  INFO 174784 --- [graphql.learning.demo] [           main] o.h.e.t.j.p.i.JtaPlatformInitiator       : HHH000489: No JTA platform available (set 'hibernate.transaction.jta.platform' to enable JTA platform integration)
2025-10-24T18:25:25.025+05:30  INFO 174784 --- [graphql.learning.demo] [           main] j.LocalContainerEntityManagerFactoryBean : Initialized JPA EntityManagerFactory for persistence unit 'default'
2025-10-24T18:25:25.597+05:30  WARN 174784 --- [graphql.learning.demo] [           main] JpaBaseConfiguration$JpaWebConfiguration : spring.jpa.open-in-view is enabled by default. Therefore, database queries may be performed during view rendering. Explicitly configure spring.jpa.open-in-view to disable this warning
2025-10-24T18:25:26.273+05:30  INFO 174784 --- [graphql.learning.demo] [           main] efaultSchemaResourceGraphQlSourceBuilder : Loaded 1 resource(s) in the GraphQL schema.
2025-10-24T18:25:26.527+05:30  INFO 174784 --- [graphql.learning.demo] [           main] o.s.b.a.g.GraphQlAutoConfiguration       : GraphQL schema inspection:
	Unmapped fields: {}
	Unmapped registrations: {}
	Unmapped arguments: {}
	Skipped types: []
2025-10-24T18:25:26.555+05:30  INFO 174784 --- [graphql.learning.demo] [           main] s.b.a.g.s.GraphQlWebMvcAutoConfiguration : GraphQL endpoint HTTP POST /graphql
2025-10-24T18:25:26.707+05:30  INFO 174784 --- [graphql.learning.demo] [           main] o.s.b.a.h2.H2ConsoleAutoConfiguration    : H2 console available at '/h2-console'. Database available at 'jdbc:h2:mem:0920c4dc-26a0-42d4-9627-c2722e9f0957'
2025-10-24T18:25:26.779+05:30  INFO 174784 --- [graphql.learning.demo] [           main] com.graphql.learning.ApplicationTests    : Started ApplicationTests in 5.703 seconds (process running for 7.025)
]]></system-out>
  </testcase>
</testsuite>